<?xml version="1.0" encoding="UTF-8"?>
<testng-results skipped="0" failed="1" total="6" passed="5">
  <reporter-output>
  </reporter-output>
  <suite name="AutomationPractice Test Suite" duration-ms="84039" started-at="2019-10-01T15:11:34Z" finished-at="2019-10-01T15:12:58Z">
    <groups>
    </groups>
    <test name="AutomationPractice Regression Test" duration-ms="84039" started-at="2019-10-01T15:11:34Z" finished-at="2019-10-01T15:12:58Z">
      <class name="com.automationpractice.qa.tests.MyStoreHomePageTest">
        <test-method status="PASS" signature="setUp()[pri:0, instance:com.automationpractice.qa.tests.MyStoreHomePageTest@2d209079]" name="setUp" is-config="true" duration-ms="11704" started-at="2019-10-01T16:11:34Z" finished-at="2019-10-01T16:11:46Z">
          <reporter-output>
          </reporter-output>
        </test-method> <!-- setUp -->
        <test-method status="PASS" signature="MyStoreHomePageTitleTest()[pri:1, instance:com.automationpractice.qa.tests.MyStoreHomePageTest@2d209079]" name="MyStoreHomePageTitleTest" duration-ms="60" started-at="2019-10-01T16:11:46Z" finished-at="2019-10-01T16:11:46Z">
          <reporter-output>
          </reporter-output>
        </test-method> <!-- MyStoreHomePageTitleTest -->
        <test-method status="PASS" signature="tearDown()[pri:0, instance:com.automationpractice.qa.tests.MyStoreHomePageTest@2d209079]" name="tearDown" is-config="true" duration-ms="740" started-at="2019-10-01T16:11:46Z" finished-at="2019-10-01T16:11:47Z">
          <reporter-output>
          </reporter-output>
        </test-method> <!-- tearDown -->
        <test-method status="PASS" signature="setUp()[pri:0, instance:com.automationpractice.qa.tests.MyStoreHomePageTest@2d209079]" name="setUp" is-config="true" duration-ms="14654" started-at="2019-10-01T16:11:47Z" finished-at="2019-10-01T16:12:01Z">
          <reporter-output>
          </reporter-output>
        </test-method> <!-- setUp -->
        <test-method status="PASS" signature="verifyLogoTest()[pri:2, instance:com.automationpractice.qa.tests.MyStoreHomePageTest@2d209079]" name="verifyLogoTest" duration-ms="131" started-at="2019-10-01T16:12:01Z" finished-at="2019-10-01T16:12:01Z">
          <reporter-output>
          </reporter-output>
        </test-method> <!-- verifyLogoTest -->
        <test-method status="PASS" signature="tearDown()[pri:0, instance:com.automationpractice.qa.tests.MyStoreHomePageTest@2d209079]" name="tearDown" is-config="true" duration-ms="712" started-at="2019-10-01T16:12:01Z" finished-at="2019-10-01T16:12:02Z">
          <reporter-output>
          </reporter-output>
        </test-method> <!-- tearDown -->
        <test-method status="PASS" signature="setUp()[pri:0, instance:com.automationpractice.qa.tests.MyStoreHomePageTest@2d209079]" name="setUp" is-config="true" duration-ms="8372" started-at="2019-10-01T16:12:02Z" finished-at="2019-10-01T16:12:11Z">
          <reporter-output>
          </reporter-output>
        </test-method> <!-- setUp -->
        <test-method status="PASS" signature="clickOnContactUsTest()[pri:3, instance:com.automationpractice.qa.tests.MyStoreHomePageTest@2d209079]" name="clickOnContactUsTest" duration-ms="1190" started-at="2019-10-01T16:12:11Z" finished-at="2019-10-01T16:12:12Z">
          <reporter-output>
          </reporter-output>
        </test-method> <!-- clickOnContactUsTest -->
        <test-method status="PASS" signature="tearDown()[pri:0, instance:com.automationpractice.qa.tests.MyStoreHomePageTest@2d209079]" name="tearDown" is-config="true" duration-ms="802" started-at="2019-10-01T16:12:12Z" finished-at="2019-10-01T16:12:13Z">
          <reporter-output>
          </reporter-output>
        </test-method> <!-- tearDown -->
      </class> <!-- com.automationpractice.qa.tests.MyStoreHomePageTest -->
      <class name="com.automationpractice.qa.tests.CreateAccountPageTest">
        <test-method status="PASS" signature="setUp()[pri:0, instance:com.automationpractice.qa.tests.CreateAccountPageTest@6b71769e]" name="setUp" is-config="true" duration-ms="12606" started-at="2019-10-01T16:12:26Z" finished-at="2019-10-01T16:12:38Z">
          <reporter-output>
          </reporter-output>
        </test-method> <!-- setUp -->
        <test-method status="PASS" signature="CreateAccountPageTitleTest()[pri:1, instance:com.automationpractice.qa.tests.CreateAccountPageTest@6b71769e]" name="CreateAccountPageTitleTest" duration-ms="2050" started-at="2019-10-01T16:12:38Z" finished-at="2019-10-01T16:12:40Z">
          <reporter-output>
          </reporter-output>
        </test-method> <!-- CreateAccountPageTitleTest -->
        <test-method status="PASS" signature="tearDown()[pri:0, instance:com.automationpractice.qa.tests.CreateAccountPageTest@6b71769e]" name="tearDown" is-config="true" duration-ms="720" started-at="2019-10-01T16:12:40Z" finished-at="2019-10-01T16:12:41Z">
          <reporter-output>
          </reporter-output>
        </test-method> <!-- tearDown -->
        <test-method status="PASS" signature="setUp()[pri:0, instance:com.automationpractice.qa.tests.CreateAccountPageTest@6b71769e]" name="setUp" is-config="true" duration-ms="13735" started-at="2019-10-01T16:12:41Z" finished-at="2019-10-01T16:12:55Z">
          <reporter-output>
          </reporter-output>
        </test-method> <!-- setUp -->
        <test-method status="FAIL" signature="createAccountTest()[pri:2, instance:com.automationpractice.qa.tests.CreateAccountPageTest@6b71769e]" name="createAccountTest" duration-ms="2690" started-at="2019-10-01T16:12:55Z" finished-at="2019-10-01T16:12:57Z">
          <exception class="java.lang.AssertionError">
            <message>
              <![CDATA[Account is not created - An account using this email address has already been registered. Please enter a valid password or request a new one. expected [Account Successfully Created] but found [An account using this email address has already been registered. Please enter a valid password or request a new one.]]]>
            </message>
            <full-stacktrace>
              <![CDATA[java.lang.AssertionError: Account is not created - An account using this email address has already been registered. Please enter a valid password or request a new one. expected [Account Successfully Created] but found [An account using this email address has already been registered. Please enter a valid password or request a new one.]
	at org.testng.Assert.fail(Assert.java:94)
	at org.testng.Assert.failNotEquals(Assert.java:513)
	at org.testng.Assert.assertEqualsImpl(Assert.java:135)
	at org.testng.Assert.assertEquals(Assert.java:116)
	at org.testng.Assert.assertEquals(Assert.java:190)
	at com.automationpractice.qa.tests.CreateAccountPageTest.createAccountTest(CreateAccountPageTest.java:44)
	at sun.reflect.NativeMethodAccessorImpl.invoke0(Native Method)
	at sun.reflect.NativeMethodAccessorImpl.invoke(Unknown Source)
	at sun.reflect.DelegatingMethodAccessorImpl.invoke(Unknown Source)
	at java.lang.reflect.Method.invoke(Unknown Source)
	at org.testng.internal.MethodInvocationHelper.invokeMethod(MethodInvocationHelper.java:86)
	at org.testng.internal.Invoker.invokeMethod(Invoker.java:645)
	at org.testng.internal.Invoker.invokeTestMethod(Invoker.java:822)
	at org.testng.internal.Invoker.invokeTestMethods(Invoker.java:1130)
	at org.testng.internal.TestMethodWorker.invokeTestMethods(TestMethodWorker.java:129)
	at org.testng.internal.TestMethodWorker.run(TestMethodWorker.java:112)
	at org.testng.TestRunner.privateRun(TestRunner.java:782)
	at org.testng.TestRunner.run(TestRunner.java:632)
	at org.testng.SuiteRunner.runTest(SuiteRunner.java:366)
	at org.testng.SuiteRunner.runSequentially(SuiteRunner.java:361)
	at org.testng.SuiteRunner.privateRun(SuiteRunner.java:319)
	at org.testng.SuiteRunner.run(SuiteRunner.java:268)
	at org.testng.SuiteRunnerWorker.runSuite(SuiteRunnerWorker.java:52)
	at org.testng.SuiteRunnerWorker.run(SuiteRunnerWorker.java:86)
	at org.testng.TestNG.runSuitesSequentially(TestNG.java:1244)
	at org.testng.TestNG.runSuitesLocally(TestNG.java:1169)
	at org.testng.TestNG.run(TestNG.java:1064)
	at org.testng.remote.RemoteTestNG.run(RemoteTestNG.java:113)
	at org.testng.remote.RemoteTestNG.initAndRun(RemoteTestNG.java:206)
	at org.testng.remote.RemoteTestNG.main(RemoteTestNG.java:177)
]]>
            </full-stacktrace>
          </exception> <!-- java.lang.AssertionError -->
          <reporter-output>
          </reporter-output>
        </test-method> <!-- createAccountTest -->
        <test-method status="PASS" signature="tearDown()[pri:0, instance:com.automationpractice.qa.tests.CreateAccountPageTest@6b71769e]" name="tearDown" is-config="true" duration-ms="730" started-at="2019-10-01T16:12:57Z" finished-at="2019-10-01T16:12:58Z">
          <reporter-output>
          </reporter-output>
        </test-method> <!-- tearDown -->
      </class> <!-- com.automationpractice.qa.tests.CreateAccountPageTest -->
      <class name="com.automationpractice.qa.tests.ContactUsPageTest">
        <test-method status="PASS" signature="setUp()[pri:0, instance:com.automationpractice.qa.tests.ContactUsPageTest@6bdf28bb]" name="setUp" is-config="true" duration-ms="8324" started-at="2019-10-01T16:12:13Z" finished-at="2019-10-01T16:12:21Z">
          <reporter-output>
          </reporter-output>
        </test-method> <!-- setUp -->
        <test-method status="PASS" signature="sendMessageTest()[pri:0, instance:com.automationpractice.qa.tests.ContactUsPageTest@6bdf28bb]" name="sendMessageTest" duration-ms="4063" started-at="2019-10-01T16:12:21Z" finished-at="2019-10-01T16:12:25Z">
          <reporter-output>
          </reporter-output>
        </test-method> <!-- sendMessageTest -->
        <test-method status="PASS" signature="tearDown()[pri:0, instance:com.automationpractice.qa.tests.ContactUsPageTest@6bdf28bb]" name="tearDown" is-config="true" duration-ms="720" started-at="2019-10-01T16:12:25Z" finished-at="2019-10-01T16:12:26Z">
          <reporter-output>
          </reporter-output>
        </test-method> <!-- tearDown -->
      </class> <!-- com.automationpractice.qa.tests.ContactUsPageTest -->
    </test> <!-- AutomationPractice Regression Test -->
  </suite> <!-- AutomationPractice Test Suite -->
</testng-results>
